1 40
2 54
3 72
4 17
5 46
6 34
7 26
8 27
9 75
10 20
11 21
12 55
13 8
14 45
15 37
16 70
17 84
18 3
19 5
20 96
21 85
22 81
23 67
24 31
25 32
26 47
27 76
28 9
29 71
30 38
31 1
32 24
33 49
34 59
35 73
36 36
37 89
38 2
39 83
40 23
41 87
42 99
43 33
44 68
45 29
46 64
47 48
48 60
49 15
50 78
51 98
52 39
53 65
54 18
55 86
56 97
57 16
58 11
59 77
60 57
61 53
62 56
63 50
64 62
65 14
66 25
67 94
68 28
69 4
70 42
71 58
72 90
73 91
74 7
75 92
76 13
77 30
78 51
79 61
80 82
81 19
82 22
83 66
84 12
85 80
86 88
87 95
88 93
89 35
90 10
91 79
92 41
93 74
94 52
95 69
96 44
97 63
98 6
99 43
100 100
